<?xml version="1.0" encoding="UTF-8"?>
<!-- Generated by org.testng.reporters.JUnitReportReporter -->
<testsuite hostname="Sys-PC" name="com.DataDriven.NewTours_NewUserRegistration" tests="2" failures="0" timestamp="6 Jun 2018 14:56:36 GMT" time="5.224" errors="0">
  <testcase name="register" time="0.620" classname="com.DataDriven.NewTours_NewUserRegistration"/>
  <testcase name="userRegistration" time="4.604" classname="com.DataDriven.NewTours_NewUserRegistration"/>
</testsuite> <!-- com.DataDriven.NewTours_NewUserRegistration -->
