<?xml version="1.0" encoding="UTF-8"?>
<!-- Generated by org.testng.reporters.JUnitReportReporter -->
<testsuite hostname="Sys-PC" name="com.DataDriven.NewTours_NewUserRegistration_TestData" tests="2" failures="0" timestamp="13 Jun 2018 14:28:52 GMT" time="14.596" errors="0">
  <testcase name="userRegistration" time="14.323" classname="com.DataDriven.NewTours_NewUserRegistration_TestData"/>
  <testcase name="register" time="0.273" classname="com.DataDriven.NewTours_NewUserRegistration_TestData"/>
</testsuite> <!-- com.DataDriven.NewTours_NewUserRegistration_TestData -->
