<?xml version="1.0" encoding="UTF-8"?>
<!-- Generated by org.testng.reporters.JUnitReportReporter -->
<testsuite hostname="Sys-PC" name="com.GRID.NewTours_LogInTest" tests="2" failures="0" timestamp="3 Jul 2018 15:48:56 GMT" time="138.848" errors="1">
  <testcase name="LogIn" time="79.559" classname="com.GRID.NewTours_LogInTest"/>
  <testcase name="LogIn" time="59.289" classname="com.GRID.NewTours_LogInTest">
    <error type="org.openqa.selenium.WebDriverException" message="Unable to connect to host 127.0.0.1 on port 7055 after 45000 ms. Firefox console output:
530632859440,&quot;applyBackgroundUpdates&quot;:1,&quot;bootstrap&quot;:false,&quot;size&quot;:3249525,&quot;sourceURI&quot;:null,&quot;releaseNotesURI&quot;:null,&quot;softDisabled&quot;:false,&quot;foreignInstall&quot;:true,&quot;hasBinaryComponents&quot;:true,&quot;strictCompatibility&quot;:false,&quot;locales&quot;:[],&quot;targetApplications&quot;:[{&quot;id&quot;:&quot;{ec8030f7-c20a-464f-9b0e-13a3a9e97384}&quot;,&quot;minVersion&quot;:&quot;3.0&quot;,&quot;maxVersion&quot;:&quot;48.0&quot;}],&quot;targetPlatforms&quot;:[{&quot;os&quot;:&quot;Darwin&quot;,&quot;abi&quot;:null},{&quot;os&quot;:&quot;SunOS&quot;,&quot;abi&quot;:null},{&quot;os&quot;:&quot;FreeBSD&quot;,&quot;abi&quot;:null},{&quot;os&quot;:&quot;OpenBSD&quot;,&quot;abi&quot;:null},{&quot;os&quot;:&quot;WINNT&quot;,&quot;abi&quot;:null},{&quot;os&quot;:&quot;Linux&quot;,&quot;abi&quot;:null}],&quot;multiprocessCompatible&quot;:false,&quot;signedState&quot;:0}
1530632872673	addons.xpi	DEBUG	getModTime: Recursive scan of fxdriver@googlecode.com
1530632872679	addons.xpi	DEBUG	Updating XPIState for {&quot;id&quot;:&quot;{972ce4c6-7e08-4474-a285-3208198ce6fd}&quot;,&quot;syncGUID&quot;:&quot;c2Vj26Ju1DMP&quot;,&quot;location&quot;:&quot;app-global&quot;,&quot;version&quot;:&quot;44.0&quot;,&quot;type&quot;:&quot;theme&quot;,&quot;internalName&quot;:&quot;classic/1.0&quot;,&quot;updateURL&quot;:null,&quot;updateKey&quot;:null,&quot;optionsURL&quot;:null,&quot;optionsType&quot;:null,&quot;aboutURL&quot;:null,&quot;icons&quot;:{&quot;32&quot;:&quot;icon.png&quot;,&quot;48&quot;:&quot;icon.png&quot;},&quot;iconURL&quot;:null,&quot;icon64URL&quot;:null,&quot;defaultLocale&quot;:{&quot;name&quot;:&quot;Default&quot;,&quot;description&quot;:&quot;The default theme.&quot;,&quot;creator&quot;:&quot;Mozilla&quot;,&quot;homepageURL&quot;:null,&quot;contributors&quot;:[&quot;Mozilla Contributors&quot;]},&quot;visible&quot;:true,&quot;active&quot;:true,&quot;userDisabled&quot;:false,&quot;appDisabled&quot;:false,&quot;descriptor&quot;:&quot;C:\\Program Files\\Mozilla Firefox\\browser\\extensions\\{972ce4c6-7e08-4474-a285-3208198ce6fd}&quot;,&quot;installDate&quot;:1524031964018,&quot;updateDate&quot;:1524031964018,&quot;applyBackgroundUpdates&quot;:1,&quot;skinnable&quot;:true,&quot;size&quot;:24166,&quot;sourceURI&quot;:null,&quot;releaseNotesURI&quot;:null,&quot;softDisabled&quot;:false,&quot;foreignInstall&quot;:false,&quot;hasBinaryComponents&quot;:false,&quot;strictCompatibility&quot;:true,&quot;locales&quot;:[],&quot;targetApplications&quot;:[{&quot;id&quot;:&quot;{ec8030f7-c20a-464f-9b0e-13a3a9e97384}&quot;,&quot;minVersion&quot;:&quot;44.0&quot;,&quot;maxVersion&quot;:&quot;44.0&quot;}],&quot;targetPlatforms&quot;:[]}
1530632872679	addons.xpi	DEBUG	getModTime: Recursive scan of {972ce4c6-7e08-4474-a285-3208198ce6fd}
1530632872680	DeferredSave.extensions.json	DEBUG	Save changes
1530632872680	addons.xpi	DEBUG	Updating database with changes to installed add-ons
1530632872680	addons.xpi-utils	DEBUG	Updating add-on states
1530632872681	addons.xpi-utils	DEBUG	Writing add-ons list
1530632872691	addons.manager	DEBUG	Registering shutdown blocker for XPIProvider
1530632872691	addons.manager	DEBUG	Provider finished startup: XPIProvider
1530632872692	addons.manager	DEBUG	Starting provider: LightweightThemeManager
1530632872692	addons.manager	DEBUG	Registering shutdown blocker for LightweightThemeManager
1530632872692	addons.manager	DEBUG	Provider finished startup: LightweightThemeManager
1530632872697	addons.manager	DEBUG	Starting provider: GMPProvider
1530632872780	addons.manager	DEBUG	Registering shutdown blocker for GMPProvider
1530632872780	addons.manager	DEBUG	Provider finished startup: GMPProvider
1530632872780	addons.manager	DEBUG	Starting provider: PluginProvider
1530632872780	addons.manager	DEBUG	Registering shutdown blocker for PluginProvider
1530632872780	addons.manager	DEBUG	Provider finished startup: PluginProvider
1530632872781	addons.manager	DEBUG	Completed startup sequence
1530632882332	addons.manager	DEBUG	Starting provider: &lt;unnamed-provider&gt;
1530632882332	addons.manager	DEBUG	Registering shutdown blocker for &lt;unnamed-provider&gt;
1530632882366	addons.manager	DEBUG	Provider finished startup: &lt;unnamed-provider&gt;
1530632889901	DeferredSave.extensions.json	DEBUG	Starting write
1530632896834	addons.repository	DEBUG	No addons.json found.
1530632896835	DeferredSave.addons.json	DEBUG	Save changes
1530632896838	DeferredSave.addons.json	DEBUG	Starting timer
1530632896892	addons.manager	DEBUG	Starting provider: PreviousExperimentProvider
1530632896892	addons.manager	DEBUG	Registering shutdown blocker for PreviousExperimentProvider
1530632896893	addons.manager	DEBUG	Provider finished startup: PreviousExperimentProvider
1530632897007	DeferredSave.extensions.json	DEBUG	Write succeeded
1530632897008	addons.xpi-utils	DEBUG	XPI Database saved, setting schema version preference to 17
1530632897012	DeferredSave.addons.json	DEBUG	Starting write
1530632897602	DeferredSave.addons.json	DEBUG	Write succeeded

Command duration or timeout: 57.13 seconds
Build info: version: &#039;2.53.1&#039;, revision: &#039;a36b8b1&#039;, time: &#039;2016-06-30 17:37:03&#039;
System info: host: &#039;Sys-PC&#039;, ip: &#039;192.168.126.141&#039;, os.name: &#039;Windows 7&#039;, os.arch: &#039;x86&#039;, os.version: &#039;6.1&#039;, java.version: &#039;1.8.0_161&#039;
Driver info: org.openqa.selenium.remote.RemoteWebDriver">
      <![CDATA[org.openqa.selenium.WebDriverException: Unable to connect to host 127.0.0.1 on port 7055 after 45000 ms. Firefox console output:
530632859440,"applyBackgroundUpdates":1,"bootstrap":false,"size":3249525,"sourceURI":null,"releaseNotesURI":null,"softDisabled":false,"foreignInstall":true,"hasBinaryComponents":true,"strictCompatibility":false,"locales":[],"targetApplications":[{"id":"{ec8030f7-c20a-464f-9b0e-13a3a9e97384}","minVersion":"3.0","maxVersion":"48.0"}],"targetPlatforms":[{"os":"Darwin","abi":null},{"os":"SunOS","abi":null},{"os":"FreeBSD","abi":null},{"os":"OpenBSD","abi":null},{"os":"WINNT","abi":null},{"os":"Linux","abi":null}],"multiprocessCompatible":false,"signedState":0}
1530632872673	addons.xpi	DEBUG	getModTime: Recursive scan of fxdriver@googlecode.com
1530632872679	addons.xpi	DEBUG	Updating XPIState for {"id":"{972ce4c6-7e08-4474-a285-3208198ce6fd}","syncGUID":"c2Vj26Ju1DMP","location":"app-global","version":"44.0","type":"theme","internalName":"classic/1.0","updateURL":null,"updateKey":null,"optionsURL":null,"optionsType":null,"aboutURL":null,"icons":{"32":"icon.png","48":"icon.png"},"iconURL":null,"icon64URL":null,"defaultLocale":{"name":"Default","description":"The default theme.","creator":"Mozilla","homepageURL":null,"contributors":["Mozilla Contributors"]},"visible":true,"active":true,"userDisabled":false,"appDisabled":false,"descriptor":"C:\\Program Files\\Mozilla Firefox\\browser\\extensions\\{972ce4c6-7e08-4474-a285-3208198ce6fd}","installDate":1524031964018,"updateDate":1524031964018,"applyBackgroundUpdates":1,"skinnable":true,"size":24166,"sourceURI":null,"releaseNotesURI":null,"softDisabled":false,"foreignInstall":false,"hasBinaryComponents":false,"strictCompatibility":true,"locales":[],"targetApplications":[{"id":"{ec8030f7-c20a-464f-9b0e-13a3a9e97384}","minVersion":"44.0","maxVersion":"44.0"}],"targetPlatforms":[]}
1530632872679	addons.xpi	DEBUG	getModTime: Recursive scan of {972ce4c6-7e08-4474-a285-3208198ce6fd}
1530632872680	DeferredSave.extensions.json	DEBUG	Save changes
1530632872680	addons.xpi	DEBUG	Updating database with changes to installed add-ons
1530632872680	addons.xpi-utils	DEBUG	Updating add-on states
1530632872681	addons.xpi-utils	DEBUG	Writing add-ons list
1530632872691	addons.manager	DEBUG	Registering shutdown blocker for XPIProvider
1530632872691	addons.manager	DEBUG	Provider finished startup: XPIProvider
1530632872692	addons.manager	DEBUG	Starting provider: LightweightThemeManager
1530632872692	addons.manager	DEBUG	Registering shutdown blocker for LightweightThemeManager
1530632872692	addons.manager	DEBUG	Provider finished startup: LightweightThemeManager
1530632872697	addons.manager	DEBUG	Starting provider: GMPProvider
1530632872780	addons.manager	DEBUG	Registering shutdown blocker for GMPProvider
1530632872780	addons.manager	DEBUG	Provider finished startup: GMPProvider
1530632872780	addons.manager	DEBUG	Starting provider: PluginProvider
1530632872780	addons.manager	DEBUG	Registering shutdown blocker for PluginProvider
1530632872780	addons.manager	DEBUG	Provider finished startup: PluginProvider
1530632872781	addons.manager	DEBUG	Completed startup sequence
1530632882332	addons.manager	DEBUG	Starting provider: <unnamed-provider>
1530632882332	addons.manager	DEBUG	Registering shutdown blocker for <unnamed-provider>
1530632882366	addons.manager	DEBUG	Provider finished startup: <unnamed-provider>
1530632889901	DeferredSave.extensions.json	DEBUG	Starting write
1530632896834	addons.repository	DEBUG	No addons.json found.
1530632896835	DeferredSave.addons.json	DEBUG	Save changes
1530632896838	DeferredSave.addons.json	DEBUG	Starting timer
1530632896892	addons.manager	DEBUG	Starting provider: PreviousExperimentProvider
1530632896892	addons.manager	DEBUG	Registering shutdown blocker for PreviousExperimentProvider
1530632896893	addons.manager	DEBUG	Provider finished startup: PreviousExperimentProvider
1530632897007	DeferredSave.extensions.json	DEBUG	Write succeeded
1530632897008	addons.xpi-utils	DEBUG	XPI Database saved, setting schema version preference to 17
1530632897012	DeferredSave.addons.json	DEBUG	Starting write
1530632897602	DeferredSave.addons.json	DEBUG	Write succeeded

Command duration or timeout: 57.13 seconds
Build info: version: '2.53.1', revision: 'a36b8b1', time: '2016-06-30 17:37:03'
System info: host: 'Sys-PC', ip: '192.168.126.141', os.name: 'Windows 7', os.arch: 'x86', os.version: '6.1', java.version: '1.8.0_161'
Driver info: org.openqa.selenium.remote.RemoteWebDriver
	at sun.reflect.NativeConstructorAccessorImpl.newInstance0(Native Method)
	at sun.reflect.NativeConstructorAccessorImpl.newInstance(Unknown Source)
	at sun.reflect.DelegatingConstructorAccessorImpl.newInstance(Unknown Source)
	at java.lang.reflect.Constructor.newInstance(Unknown Source)
	at org.openqa.selenium.remote.ErrorHandler.createThrowable(ErrorHandler.java:206)
	at org.openqa.selenium.remote.ErrorHandler.throwIfResponseFailed(ErrorHandler.java:158)
	at org.openqa.selenium.remote.RemoteWebDriver.execute(RemoteWebDriver.java:678)
	at org.openqa.selenium.remote.RemoteWebDriver.startSession(RemoteWebDriver.java:249)
	at org.openqa.selenium.remote.RemoteWebDriver.<init>(RemoteWebDriver.java:131)
	at org.openqa.selenium.remote.RemoteWebDriver.<init>(RemoteWebDriver.java:158)
	at com.GRID.NewTours_LogInTest.LogIn(NewTours_LogInTest.java:40)
	at sun.reflect.NativeMethodAccessorImpl.invoke0(Native Method)
	at sun.reflect.NativeMethodAccessorImpl.invoke(Unknown Source)
	at sun.reflect.DelegatingMethodAccessorImpl.invoke(Unknown Source)
	at java.lang.reflect.Method.invoke(Unknown Source)
	at org.testng.internal.MethodInvocationHelper.invokeMethod(MethodInvocationHelper.java:85)
	at org.testng.internal.Invoker.invokeMethod(Invoker.java:639)
	at org.testng.internal.Invoker.invokeTestMethod(Invoker.java:816)
	at org.testng.internal.Invoker.invokeTestMethods(Invoker.java:1124)
	at org.testng.internal.TestMethodWorker.invokeTestMethods(TestMethodWorker.java:125)
	at org.testng.internal.TestMethodWorker.run(TestMethodWorker.java:108)
	at org.testng.TestRunner.privateRun(TestRunner.java:774)
	at org.testng.TestRunner.run(TestRunner.java:624)
	at org.testng.SuiteRunner.runTest(SuiteRunner.java:359)
	at org.testng.SuiteRunner.access$000(SuiteRunner.java:39)
	at org.testng.SuiteRunner$SuiteWorker.run(SuiteRunner.java:393)
	at org.testng.internal.thread.ThreadUtil$2.call(ThreadUtil.java:64)
	at java.util.concurrent.FutureTask.run(Unknown Source)
	at java.util.concurrent.ThreadPoolExecutor.runWorker(Unknown Source)
	at java.util.concurrent.ThreadPoolExecutor$Worker.run(Unknown Source)
	at java.lang.Thread.run(Unknown Source)
Caused by: org.openqa.selenium.remote.ErrorHandler$UnknownServerException: Unable to connect to host 127.0.0.1 on port 7055 after 45000 ms. Firefox console output:
530632859440,"applyBackgroundUpdates":1,"bootstrap":false,"size":3249525,"sourceURI":null,"releaseNotesURI":null,"softDisabled":false,"foreignInstall":true,"hasBinaryComponents":true,"strictCompatibility":false,"locales":[],"targetApplications":[{"id":"{ec8030f7-c20a-464f-9b0e-13a3a9e97384}","minVersion":"3.0","maxVersion":"48.0"}],"targetPlatforms":[{"os":"Darwin","abi":null},{"os":"SunOS","abi":null},{"os":"FreeBSD","abi":null},{"os":"OpenBSD","abi":null},{"os":"WINNT","abi":null},{"os":"Linux","abi":null}],"multiprocessCompatible":false,"signedState":0}
1530632872673	addons.xpi	DEBUG	getModTime: Recursive scan of fxdriver@googlecode.com
1530632872679	addons.xpi	DEBUG	Updating XPIState for {"id":"{972ce4c6-7e08-4474-a285-3208198ce6fd}","syncGUID":"c2Vj26Ju1DMP","location":"app-global","version":"44.0","type":"theme","internalName":"classic/1.0","updateURL":null,"updateKey":null,"optionsURL":null,"optionsType":null,"aboutURL":null,"icons":{"32":"icon.png","48":"icon.png"},"iconURL":null,"icon64URL":null,"defaultLocale":{"name":"Default","description":"The default theme.","creator":"Mozilla","homepageURL":null,"contributors":["Mozilla Contributors"]},"visible":true,"active":true,"userDisabled":false,"appDisabled":false,"descriptor":"C:\\Program Files\\Mozilla Firefox\\browser\\extensions\\{972ce4c6-7e08-4474-a285-3208198ce6fd}","installDate":1524031964018,"updateDate":1524031964018,"applyBackgroundUpdates":1,"skinnable":true,"size":24166,"sourceURI":null,"releaseNotesURI":null,"softDisabled":false,"foreignInstall":false,"hasBinaryComponents":false,"strictCompatibility":true,"locales":[],"targetApplications":[{"id":"{ec8030f7-c20a-464f-9b0e-13a3a9e97384}","minVersion":"44.0","maxVersion":"44.0"}],"targetPlatforms":[]}
1530632872679	addons.xpi	DEBUG	getModTime: Recursive scan of {972ce4c6-7e08-4474-a285-3208198ce6fd}
1530632872680	DeferredSave.extensions.json	DEBUG	Save changes
1530632872680	addons.xpi	DEBUG	Updating database with changes to installed add-ons
1530632872680	addons.xpi-utils	DEBUG	Updating add-on states
1530632872681	addons.xpi-utils	DEBUG	Writing add-ons list
1530632872691	addons.manager	DEBUG	Registering shutdown blocker for XPIProvider
1530632872691	addons.manager	DEBUG	Provider finished startup: XPIProvider
1530632872692	addons.manager	DEBUG	Starting provider: LightweightThemeManager
1530632872692	addons.manager	DEBUG	Registering shutdown blocker for LightweightThemeManager
1530632872692	addons.manager	DEBUG	Provider finished startup: LightweightThemeManager
1530632872697	addons.manager	DEBUG	Starting provider: GMPProvider
1530632872780	addons.manager	DEBUG	Registering shutdown blocker for GMPProvider
1530632872780	addons.manager	DEBUG	Provider finished startup: GMPProvider
1530632872780	addons.manager	DEBUG	Starting provider: PluginProvider
1530632872780	addons.manager	DEBUG	Registering shutdown blocker for PluginProvider
1530632872780	addons.manager	DEBUG	Provider finished startup: PluginProvider
1530632872781	addons.manager	DEBUG	Completed startup sequence
1530632882332	addons.manager	DEBUG	Starting provider: <unnamed-provider>
1530632882332	addons.manager	DEBUG	Registering shutdown blocker for <unnamed-provider>
1530632882366	addons.manager	DEBUG	Provider finished startup: <unnamed-provider>
1530632889901	DeferredSave.extensions.json	DEBUG	Starting write
1530632896834	addons.repository	DEBUG	No addons.json found.
1530632896835	DeferredSave.addons.json	DEBUG	Save changes
1530632896838	DeferredSave.addons.json	DEBUG	Starting timer
1530632896892	addons.manager	DEBUG	Starting provider: PreviousExperimentProvider
1530632896892	addons.manager	DEBUG	Registering shutdown blocker for PreviousExperimentProvider
1530632896893	addons.manager	DEBUG	Provider finished startup: PreviousExperimentProvider
1530632897007	DeferredSave.extensions.json	DEBUG	Write succeeded
1530632897008	addons.xpi-utils	DEBUG	XPI Database saved, setting schema version preference to 17
1530632897012	DeferredSave.addons.json	DEBUG	Starting write
1530632897602	DeferredSave.addons.json	DEBUG	Write succeeded

Build info: version: '2.53.1', revision: 'a36b8b1', time: '2016-06-30 17:37:03'
System info: host: 'Sys-PC', ip: '192.168.126.141', os.name: 'Windows 7', os.arch: 'x86', os.version: '6.1', java.version: '1.8.0_161'
Driver info: driver.version: FirefoxDriver
	at org.openqa.selenium.firefox.internal.NewProfileExtensionConnection.start(NewProfileExtensionConnection.java:112)
	at org.openqa.selenium.firefox.FirefoxDriver.startClient(FirefoxDriver.java:271)
	at org.openqa.selenium.remote.RemoteWebDriver.<init>(RemoteWebDriver.java:119)
	at org.openqa.selenium.firefox.FirefoxDriver.<init>(FirefoxDriver.java:218)
	at org.openqa.selenium.firefox.FirefoxDriver.<init>(FirefoxDriver.java:211)
	at org.openqa.selenium.firefox.FirefoxDriver.<init>(FirefoxDriver.java:129)
	at sun.reflect.NativeConstructorAccessorImpl.newInstance0(Native Method)
	at sun.reflect.NativeConstructorAccessorImpl.newInstance(Unknown Source)
	at sun.reflect.DelegatingConstructorAccessorImpl.newInstance(Unknown Source)
	at java.lang.reflect.Constructor.newInstance(Unknown Source)
	at org.openqa.selenium.remote.server.FirefoxDriverProvider.callConstructor(FirefoxDriverProvider.java:91)
	at org.openqa.selenium.remote.server.FirefoxDriverProvider.newInstance(FirefoxDriverProvider.java:68)
	at org.openqa.selenium.remote.server.DefaultDriverFactory.newInstance(DefaultDriverFactory.java:60)
	at org.openqa.selenium.remote.server.DefaultSession$BrowserCreator.call(DefaultSession.java:222)
	at org.openqa.selenium.remote.server.DefaultSession$BrowserCreator.call(DefaultSession.java:1)
	at java.util.concurrent.FutureTask.run(Unknown Source)
	at org.openqa.selenium.remote.server.DefaultSession$1.run(DefaultSession.java:176)
	... 3 more
]]>
    </error>
  </testcase> <!-- LogIn -->
</testsuite> <!-- com.GRID.NewTours_LogInTest -->
