<?xml version="1.0" encoding="UTF-8"?>
<!-- Generated by org.testng.reporters.JUnitReportReporter -->
<testsuite hostname="Sys-PC" name="com.KeyWord.NewTours_LogInTest" tests="1" failures="0" timestamp="13 Jun 2018 14:28:52 GMT" time="7.308" errors="0">
  <testcase name="logIn" time="7.308" classname="com.KeyWord.NewTours_LogInTest"/>
</testsuite> <!-- com.KeyWord.NewTours_LogInTest -->
