<?xml version="1.0" encoding="UTF-8"?>
<!-- Generated by org.testng.reporters.JUnitReportReporter -->
<testsuite hostname="Sys-PC" name="com.Annotations.Annotations1" tests="4" failures="0" timestamp="5 Jun 2018 14:55:49 GMT" time="0.425" errors="0">
  <testcase name="OpenAnApplication" time="0.006" classname="com.Annotations.Annotations1"/>
  <testcase name="LogIN" time="0.005" classname="com.Annotations.Annotations1"/>
  <testcase name="InBox" time="0.007" classname="com.Annotations.Annotations1"/>
  <testcase name="BrowserLaunch" time="0.407" classname="com.Annotations.Annotations1"/>
</testsuite> <!-- com.Annotations.Annotations1 -->
