<?xml version="1.0" encoding="UTF-8"?>
<!-- Generated by org.testng.reporters.JUnitReportReporter -->
<testsuite hostname="Sys-PC" name="com.Annotations.Annotations2" tests="2" failures="0" timestamp="5 Jun 2018 15:02:44 GMT" time="0.184" errors="0">
  <testcase name="ComposeMail" time="0.002" classname="com.Annotations.Annotations2"/>
  <testcase name="Inbox" time="0.182" classname="com.Annotations.Annotations2"/>
</testsuite> <!-- com.Annotations.Annotations2 -->
