<?xml version="1.0" encoding="UTF-8"?>
<!-- Generated by org.testng.reporters.JUnitReportReporter -->
<testsuite hostname="Sys-PC" name="com.Annotations.NewTours_LogInTest" tests="1" failures="0" timestamp="13 Jun 2018 14:28:52 GMT" time="11.184" errors="0">
  <testcase name="LogIn" time="11.184" classname="com.Annotations.NewTours_LogInTest"/>
</testsuite> <!-- com.Annotations.NewTours_LogInTest -->
