<?xml version="1.0" encoding="UTF-8"?>
<!-- Generated by org.testng.reporters.JUnitReportReporter -->
<testsuite hostname="Sys-PC" name="com.Annotations.Annotations3" tests="2" failures="0" timestamp="5 Jun 2018 15:08:03 GMT" time="0.022" errors="0">
  <testcase name="Inbox" time="0.021" classname="com.Annotations.Annotations3"/>
  <testcase name="ComposeMail" time="0.001" classname="com.Annotations.Annotations3"/>
</testsuite> <!-- com.Annotations.Annotations3 -->
